Started at Sun May 22 16:37:14 UTC 2022
Processing CodePull
Offering CodePull to Project Build Discarder
CodePull accepted by Project Build Discarder
Processing Job1
Offering Job1 to Project Build Discarder
Processing Pipeline-groovy_script
Offering Pipeline-groovy_script to Project Build Discarder
Pipeline-groovy_script accepted by Project Build Discarder
Processing Pipeline-Jenkinsfile-base
Offering Pipeline-Jenkinsfile-base to Project Build Discarder
Processing Pipeline-Jenkinsfile-tools
Offering Pipeline-Jenkinsfile-tools to Project Build Discarder
Pipeline-Jenkinsfile-tools accepted by Project Build Discarder
Processing TF-slave-test
Offering TF-slave-test to Project Build Discarder
Processing Tool test
Offering Tool test to Project Build Discarder
Tool test accepted by Project Build Discarder
Finished at Sun May 22 16:37:14 UTC 2022. 1ms
Started at Sun May 22 17:37:14 UTC 2022
Processing CodePull
Offering CodePull to Project Build Discarder
CodePull accepted by Project Build Discarder
Processing Job1
Offering Job1 to Project Build Discarder
Processing Pipeline-groovy_script
Offering Pipeline-groovy_script to Project Build Discarder
Pipeline-groovy_script accepted by Project Build Discarder
Processing Pipeline-Jenkinsfile-base
Offering Pipeline-Jenkinsfile-base to Project Build Discarder
Processing Pipeline-Jenkinsfile-tools
Offering Pipeline-Jenkinsfile-tools to Project Build Discarder
Pipeline-Jenkinsfile-tools accepted by Project Build Discarder
Processing TF-slave-test
Offering TF-slave-test to Project Build Discarder
Processing Tool test
Offering Tool test to Project Build Discarder
Tool test accepted by Project Build Discarder
Finished at Sun May 22 17:37:14 UTC 2022. 2ms
Started at Sun May 22 18:37:14 UTC 2022
Processing CodePull
Offering CodePull to Project Build Discarder
CodePull accepted by Project Build Discarder
Processing Job1
Offering Job1 to Project Build Discarder
Processing Pipeline-groovy_script
Offering Pipeline-groovy_script to Project Build Discarder
Pipeline-groovy_script accepted by Project Build Discarder
Processing Pipeline-Jenkinsfile-base
Offering Pipeline-Jenkinsfile-base to Project Build Discarder
Processing Pipeline-Jenkinsfile-tools
Offering Pipeline-Jenkinsfile-tools to Project Build Discarder
Pipeline-Jenkinsfile-tools accepted by Project Build Discarder
Processing TF-slave-test
Offering TF-slave-test to Project Build Discarder
Processing Tool test
Offering Tool test to Project Build Discarder
Tool test accepted by Project Build Discarder
Finished at Sun May 22 18:37:14 UTC 2022. 1ms
Started at Sun May 22 19:37:14 UTC 2022
Processing CodePull
Offering CodePull to Project Build Discarder
CodePull accepted by Project Build Discarder
Processing Job1
Offering Job1 to Project Build Discarder
Processing Pipeline-groovy_script
Offering Pipeline-groovy_script to Project Build Discarder
Pipeline-groovy_script accepted by Project Build Discarder
Processing Pipeline-Jenkinsfile-base
Offering Pipeline-Jenkinsfile-base to Project Build Discarder
Processing Pipeline-Jenkinsfile-tools
Offering Pipeline-Jenkinsfile-tools to Project Build Discarder
Pipeline-Jenkinsfile-tools accepted by Project Build Discarder
Processing TF-slave-test
Offering TF-slave-test to Project Build Discarder
Processing Tool test
Offering Tool test to Project Build Discarder
Tool test accepted by Project Build Discarder
Finished at Sun May 22 19:37:14 UTC 2022. 2ms
Started at Sun May 22 20:37:14 UTC 2022
Processing CodePull
Offering CodePull to Project Build Discarder
CodePull accepted by Project Build Discarder
Processing Job1
Offering Job1 to Project Build Discarder
Processing Pipeline-groovy_script
Offering Pipeline-groovy_script to Project Build Discarder
Pipeline-groovy_script accepted by Project Build Discarder
Processing Pipeline-Jenkinsfile-base
Offering Pipeline-Jenkinsfile-base to Project Build Discarder
Processing Pipeline-Jenkinsfile-tools
Offering Pipeline-Jenkinsfile-tools to Project Build Discarder
Pipeline-Jenkinsfile-tools accepted by Project Build Discarder
Processing TF-slave-test
Offering TF-slave-test to Project Build Discarder
Processing Tool test
Offering Tool test to Project Build Discarder
Tool test accepted by Project Build Discarder
Finished at Sun May 22 20:37:14 UTC 2022. 2ms
Started at Sun May 22 21:37:14 UTC 2022
Processing CodePull
Offering CodePull to Project Build Discarder
CodePull accepted by Project Build Discarder
Processing Job1
Offering Job1 to Project Build Discarder
Processing Pipeline-groovy_script
Offering Pipeline-groovy_script to Project Build Discarder
Pipeline-groovy_script accepted by Project Build Discarder
Processing Pipeline-Jenkinsfile-base
Offering Pipeline-Jenkinsfile-base to Project Build Discarder
Processing Pipeline-Jenkinsfile-tools
Offering Pipeline-Jenkinsfile-tools to Project Build Discarder
Pipeline-Jenkinsfile-tools accepted by Project Build Discarder
Processing TF-slave-test
Offering TF-slave-test to Project Build Discarder
Processing Tool test
Offering Tool test to Project Build Discarder
Tool test accepted by Project Build Discarder
Finished at Sun May 22 21:37:14 UTC 2022. 1ms
Started at Sun May 22 22:37:14 UTC 2022
Processing CodePull
Offering CodePull to Project Build Discarder
CodePull accepted by Project Build Discarder
Processing Job1
Offering Job1 to Project Build Discarder
Processing Pipeline-groovy_script
Offering Pipeline-groovy_script to Project Build Discarder
Pipeline-groovy_script accepted by Project Build Discarder
Processing Pipeline-Jenkinsfile-base
Offering Pipeline-Jenkinsfile-base to Project Build Discarder
Processing Pipeline-Jenkinsfile-tools
Offering Pipeline-Jenkinsfile-tools to Project Build Discarder
Pipeline-Jenkinsfile-tools accepted by Project Build Discarder
Processing TF-slave-test
Offering TF-slave-test to Project Build Discarder
Processing Tool test
Offering Tool test to Project Build Discarder
Tool test accepted by Project Build Discarder
Finished at Sun May 22 22:37:14 UTC 2022. 2ms
Started at Sun May 22 23:37:14 UTC 2022
Processing CodePull
Offering CodePull to Project Build Discarder
CodePull accepted by Project Build Discarder
Processing Job1
Offering Job1 to Project Build Discarder
Processing Pipeline-groovy_script
Offering Pipeline-groovy_script to Project Build Discarder
Pipeline-groovy_script accepted by Project Build Discarder
Processing Pipeline-Jenkinsfile-base
Offering Pipeline-Jenkinsfile-base to Project Build Discarder
Processing Pipeline-Jenkinsfile-tools
Offering Pipeline-Jenkinsfile-tools to Project Build Discarder
Pipeline-Jenkinsfile-tools accepted by Project Build Discarder
Processing TF-slave-test
Offering TF-slave-test to Project Build Discarder
Processing Tool test
Offering Tool test to Project Build Discarder
Tool test accepted by Project Build Discarder
Finished at Sun May 22 23:37:14 UTC 2022. 1ms
Started at Mon May 23 00:37:14 UTC 2022
Processing CodePull
Offering CodePull to Project Build Discarder
CodePull accepted by Project Build Discarder
Processing Job1
Offering Job1 to Project Build Discarder
Processing Pipeline-groovy_script
Offering Pipeline-groovy_script to Project Build Discarder
Pipeline-groovy_script accepted by Project Build Discarder
Processing Pipeline-Jenkinsfile-base
Offering Pipeline-Jenkinsfile-base to Project Build Discarder
Processing Pipeline-Jenkinsfile-tools
Offering Pipeline-Jenkinsfile-tools to Project Build Discarder
Pipeline-Jenkinsfile-tools accepted by Project Build Discarder
Processing TF-slave-test
Offering TF-slave-test to Project Build Discarder
Processing Tool test
Offering Tool test to Project Build Discarder
Tool test accepted by Project Build Discarder
Finished at Mon May 23 00:37:14 UTC 2022. 2ms
Started at Mon May 23 01:37:14 UTC 2022
Processing CodePull
Offering CodePull to Project Build Discarder
CodePull accepted by Project Build Discarder
Processing Job1
Offering Job1 to Project Build Discarder
Processing Pipeline-groovy_script
Offering Pipeline-groovy_script to Project Build Discarder
Pipeline-groovy_script accepted by Project Build Discarder
Processing Pipeline-Jenkinsfile-base
Offering Pipeline-Jenkinsfile-base to Project Build Discarder
Processing Pipeline-Jenkinsfile-tools
Offering Pipeline-Jenkinsfile-tools to Project Build Discarder
Pipeline-Jenkinsfile-tools accepted by Project Build Discarder
Processing TF-slave-test
Offering TF-slave-test to Project Build Discarder
Processing Tool test
Offering Tool test to Project Build Discarder
Tool test accepted by Project Build Discarder
Finished at Mon May 23 01:37:14 UTC 2022. 1ms
Started at Mon May 23 02:37:14 UTC 2022
Processing CodePull
Offering CodePull to Project Build Discarder
CodePull accepted by Project Build Discarder
Processing Job1
Offering Job1 to Project Build Discarder
Processing Pipeline-groovy_script
Offering Pipeline-groovy_script to Project Build Discarder
Pipeline-groovy_script accepted by Project Build Discarder
Processing Pipeline-Jenkinsfile-base
Offering Pipeline-Jenkinsfile-base to Project Build Discarder
Processing Pipeline-Jenkinsfile-tools
Offering Pipeline-Jenkinsfile-tools to Project Build Discarder
Pipeline-Jenkinsfile-tools accepted by Project Build Discarder
Processing TF-slave-test
Offering TF-slave-test to Project Build Discarder
Processing Tool test
Offering Tool test to Project Build Discarder
Tool test accepted by Project Build Discarder
Finished at Mon May 23 02:37:14 UTC 2022. 1ms
Started at Mon May 23 03:37:14 UTC 2022
Processing CodePull
Offering CodePull to Project Build Discarder
CodePull accepted by Project Build Discarder
Processing Job1
Offering Job1 to Project Build Discarder
Processing Pipeline-groovy_script
Offering Pipeline-groovy_script to Project Build Discarder
Pipeline-groovy_script accepted by Project Build Discarder
Processing Pipeline-Jenkinsfile-base
Offering Pipeline-Jenkinsfile-base to Project Build Discarder
Processing Pipeline-Jenkinsfile-tools
Offering Pipeline-Jenkinsfile-tools to Project Build Discarder
Pipeline-Jenkinsfile-tools accepted by Project Build Discarder
Processing TF-slave-test
Offering TF-slave-test to Project Build Discarder
Processing Tool test
Offering Tool test to Project Build Discarder
Tool test accepted by Project Build Discarder
Finished at Mon May 23 03:37:14 UTC 2022. 1ms
Started at Mon May 23 04:37:14 UTC 2022
Processing CodePull
Offering CodePull to Project Build Discarder
CodePull accepted by Project Build Discarder
Processing Job1
Offering Job1 to Project Build Discarder
Processing Pipeline-groovy_script
Offering Pipeline-groovy_script to Project Build Discarder
Pipeline-groovy_script accepted by Project Build Discarder
Processing Pipeline-Jenkinsfile-base
Offering Pipeline-Jenkinsfile-base to Project Build Discarder
Processing Pipeline-Jenkinsfile-tools
Offering Pipeline-Jenkinsfile-tools to Project Build Discarder
Pipeline-Jenkinsfile-tools accepted by Project Build Discarder
Processing TF-slave-test
Offering TF-slave-test to Project Build Discarder
Processing Tool test
Offering Tool test to Project Build Discarder
Tool test accepted by Project Build Discarder
Finished at Mon May 23 04:37:14 UTC 2022. 1ms
Started at Mon May 23 05:37:14 UTC 2022
Processing CodePull
Offering CodePull to Project Build Discarder
CodePull accepted by Project Build Discarder
Processing Job1
Offering Job1 to Project Build Discarder
Processing Pipeline-groovy_script
Offering Pipeline-groovy_script to Project Build Discarder
Pipeline-groovy_script accepted by Project Build Discarder
Processing Pipeline-Jenkinsfile-base
Offering Pipeline-Jenkinsfile-base to Project Build Discarder
Processing Pipeline-Jenkinsfile-tools
Offering Pipeline-Jenkinsfile-tools to Project Build Discarder
Pipeline-Jenkinsfile-tools accepted by Project Build Discarder
Processing TF-slave-test
Offering TF-slave-test to Project Build Discarder
Processing Tool test
Offering Tool test to Project Build Discarder
Tool test accepted by Project Build Discarder
Finished at Mon May 23 05:37:14 UTC 2022. 1ms
Started at Mon May 23 06:37:14 UTC 2022
Processing CodePull
Offering CodePull to Project Build Discarder
CodePull accepted by Project Build Discarder
Processing Job1
Offering Job1 to Project Build Discarder
Processing Pipeline-groovy_script
Offering Pipeline-groovy_script to Project Build Discarder
Pipeline-groovy_script accepted by Project Build Discarder
Processing Pipeline-Jenkinsfile-base
Offering Pipeline-Jenkinsfile-base to Project Build Discarder
Processing Pipeline-Jenkinsfile-tools
Offering Pipeline-Jenkinsfile-tools to Project Build Discarder
Pipeline-Jenkinsfile-tools accepted by Project Build Discarder
Processing TF-slave-test
Offering TF-slave-test to Project Build Discarder
Processing Tool test
Offering Tool test to Project Build Discarder
Tool test accepted by Project Build Discarder
Finished at Mon May 23 06:37:14 UTC 2022. 1ms
Started at Mon May 23 07:37:14 UTC 2022
Processing CodePull
Offering CodePull to Project Build Discarder
CodePull accepted by Project Build Discarder
Processing Job1
Offering Job1 to Project Build Discarder
Processing Pipeline-groovy_script
Offering Pipeline-groovy_script to Project Build Discarder
Pipeline-groovy_script accepted by Project Build Discarder
Processing Pipeline-Jenkinsfile-base
Offering Pipeline-Jenkinsfile-base to Project Build Discarder
Processing Pipeline-Jenkinsfile-tools
Offering Pipeline-Jenkinsfile-tools to Project Build Discarder
Pipeline-Jenkinsfile-tools accepted by Project Build Discarder
Processing TF-slave-test
Offering TF-slave-test to Project Build Discarder
Processing Tool test
Offering Tool test to Project Build Discarder
Tool test accepted by Project Build Discarder
Finished at Mon May 23 07:37:14 UTC 2022. 1ms
Started at Mon May 23 08:37:14 UTC 2022
Processing CodePull
Offering CodePull to Project Build Discarder
CodePull accepted by Project Build Discarder
Processing Job1
Offering Job1 to Project Build Discarder
Processing Pipeline-groovy_script
Offering Pipeline-groovy_script to Project Build Discarder
Pipeline-groovy_script accepted by Project Build Discarder
Processing Pipeline-Jenkinsfile-base
Offering Pipeline-Jenkinsfile-base to Project Build Discarder
Processing Pipeline-Jenkinsfile-tools
Offering Pipeline-Jenkinsfile-tools to Project Build Discarder
Pipeline-Jenkinsfile-tools accepted by Project Build Discarder
Processing TF-slave-test
Offering TF-slave-test to Project Build Discarder
Processing Tool test
Offering Tool test to Project Build Discarder
Tool test accepted by Project Build Discarder
Finished at Mon May 23 08:37:14 UTC 2022. 5ms
