--- Copying files at Fri Feb  4 17:26:16 UTC 2022
--- Copying files at Fri Feb  4 19:46:36 UTC 2022
--- Copying files at Wed Feb 16 16:37:40 UTC 2022
--- Copying files at Wed Feb 16 16:50:34 UTC 2022
--- Copying files at Wed Feb 16 17:10:35 UTC 2022
--- Copying files at Wed Feb 23 17:28:13 UTC 2022
--- Copying files at Wed Feb 23 18:11:48 UTC 2022
--- Copying files at Wed Feb 23 19:14:02 UTC 2022
--- Copying files at Wed Feb 23 19:19:45 UTC 2022
--- Copying files at Wed Feb 23 19:28:08 UTC 2022
--- Copying files at Wed Feb 23 19:42:22 UTC 2022
--- Copying files at Wed Feb 23 19:54:49 UTC 2022
--- Copying files at Thu Feb 24 07:54:08 UTC 2022
--- Copying files at Thu Feb 24 07:55:15 UTC 2022
--- Copying files at Mon Feb 28 14:29:57 UTC 2022
--- Copying files at Mon Feb 28 14:39:07 UTC 2022
--- Copying files at Mon Feb 28 15:22:39 UTC 2022
--- Copying files at Mon Feb 28 15:28:27 UTC 2022
--- Copying files at Mon Feb 28 15:48:12 UTC 2022
--- Copying files at Mon Feb 28 16:22:47 UTC 2022
--- Copying files at Mon Feb 28 17:36:20 UTC 2022
--- Copying files at Mon Feb 28 17:53:51 UTC 2022
--- Copying files at Sat Mar  5 08:29:53 UTC 2022
--- Copying files at Sat Mar  5 17:57:07 UTC 2022
--- Copying files at Sat Mar  5 19:54:21 UTC 2022
--- Copying files at Fri Mar  4 16:37:44 UTC 2022
--- Copying files at Sun Mar 20 14:38:50 UTC 2022
--- Copying files at Mon Mar 21 09:47:45 UTC 2022
--- Copying files at Mon Mar 21 14:28:29 UTC 2022
--- Copying files at Mon Mar 21 16:34:12 UTC 2022
--- Copying files at Mon Mar 21 18:53:20 UTC 2022
--- Copying files at Wed Mar 23 10:42:12 UTC 2022
--- Copying files at Wed Mar 23 11:44:57 UTC 2022
--- Copying files at Wed Mar 23 11:56:04 UTC 2022
--- Copying files at Wed Mar 23 12:57:16 UTC 2022
--- Copying files at Wed Mar 30 06:51:24 UTC 2022
--- Copying files at Wed Mar 30 10:07:57 UTC 2022
--- Copying files at Wed Mar 30 10:22:12 UTC 2022
--- Copying files at Wed Mar 30 10:42:49 UTC 2022
--- Copying files at Mon Apr 25 14:56:36 UTC 2022
--- Copying files at Mon Apr 25 15:03:18 UTC 2022
--- Copying files at Mon Apr 25 15:21:48 UTC 2022
--- Copying files at Wed Apr 27 11:59:02 UTC 2022
--- Copying files at Wed Apr 27 12:03:34 UTC 2022
--- Copying files at Wed Apr 27 12:19:35 UTC 2022
--- Copying files at Fri Apr 29 11:09:15 UTC 2022
--- Copying files at Fri May 13 13:57:40 UTC 2022
--- Copying files at Fri May 13 14:00:10 UTC 2022
--- Copying files at Mon May 16 09:15:35 UTC 2022
--- Copying files at Wed May 18 17:37:38 UTC 2022
--- Copying files at Thu May 19 11:30:05 UTC 2022
--- Copying files at Thu May 19 15:36:46 UTC 2022
--- Copying files at Thu May 19 15:44:21 UTC 2022
--- Copying files at Fri May 20 14:21:27 UTC 2022
