23-Mar-2022 10:41:21.520 INFO [localhost-startStop-6] org.apache.catalina.core.ApplicationContext.log Closing Spring root WebApplicationContext
23-Mar-2022 10:41:22.203 SEVERE [localhost-startStop-5] org.apache.catalina.core.StandardContext.listenerStop Exception sending context destroyed event to listener instance of class [org.artifactory.lifecycle.webapp.servlet.ArtifactoryContextConfigListener]
	java.lang.RuntimeException: Could not find bean of type 'org.artifactory.addon.LicenseAddonsManager'.
		at org.artifactory.spring.ArtifactoryApplicationContext.beanForType(ArtifactoryApplicationContext.java:577)
		at org.artifactory.spring.ArtifactoryApplicationContext.destroy(ArtifactoryApplicationContext.java:398)
		at org.artifactory.lifecycle.webapp.servlet.ArtifactoryContextConfigListener.contextDestroyed(ArtifactoryContextConfigListener.java:299)
		at org.apache.catalina.core.StandardContext.listenerStop(StandardContext.java:4811)
		at org.apache.catalina.core.StandardContext.stopInternal(StandardContext.java:5467)
		at org.apache.catalina.util.LifecycleBase.stop(LifecycleBase.java:257)
		at org.apache.catalina.core.ContainerBase$StopChild.call(ContainerBase.java:1443)
		at org.apache.catalina.core.ContainerBase$StopChild.call(ContainerBase.java:1432)
		at java.base/java.util.concurrent.FutureTask.run(FutureTask.java:264)
		at java.base/java.util.concurrent.ThreadPoolExecutor.runWorker(ThreadPoolExecutor.java:1128)
		at java.base/java.util.concurrent.ThreadPoolExecutor$Worker.run(ThreadPoolExecutor.java:628)
		at java.base/java.lang.Thread.run(Thread.java:829)
23-Mar-2022 10:42:49.948 INFO [localhost-startStop-1] org.apache.catalina.core.ApplicationContext.log 1 Spring WebApplicationInitializers detected on classpath
23-Mar-2022 10:43:16.450 INFO [localhost-startStop-1] org.apache.catalina.core.ApplicationContext.log Initializing Spring embedded WebApplicationContext
23-Mar-2022 10:49:18.890 INFO [localhost-startStop-6] org.apache.catalina.core.ApplicationContext.log Closing Spring root WebApplicationContext
23-Mar-2022 10:49:51.550 INFO [localhost-startStop-1] org.apache.catalina.core.ApplicationContext.log 1 Spring WebApplicationInitializers detected on classpath
23-Mar-2022 10:50:28.967 INFO [localhost-startStop-1] org.apache.catalina.core.ApplicationContext.log Initializing Spring embedded WebApplicationContext
23-Mar-2022 11:45:33.462 INFO [localhost-startStop-1] org.apache.catalina.core.ApplicationContext.log 1 Spring WebApplicationInitializers detected on classpath
23-Mar-2022 11:45:57.692 INFO [localhost-startStop-1] org.apache.catalina.core.ApplicationContext.log Initializing Spring embedded WebApplicationContext
23-Mar-2022 11:55:40.290 INFO [localhost-startStop-6] org.apache.catalina.core.ApplicationContext.log Closing Spring root WebApplicationContext
23-Mar-2022 11:55:41.437 SEVERE [localhost-startStop-5] org.apache.catalina.core.StandardContext.listenerStop Exception sending context destroyed event to listener instance of class [org.artifactory.lifecycle.webapp.servlet.ArtifactoryContextConfigListener]
	java.lang.RuntimeException: Could not find bean of type 'org.artifactory.addon.LicenseAddonsManager'.
		at org.artifactory.spring.ArtifactoryApplicationContext.beanForType(ArtifactoryApplicationContext.java:577)
		at org.artifactory.spring.ArtifactoryApplicationContext.destroy(ArtifactoryApplicationContext.java:398)
		at org.artifactory.lifecycle.webapp.servlet.ArtifactoryContextConfigListener.contextDestroyed(ArtifactoryContextConfigListener.java:299)
		at org.apache.catalina.core.StandardContext.listenerStop(StandardContext.java:4811)
		at org.apache.catalina.core.StandardContext.stopInternal(StandardContext.java:5467)
		at org.apache.catalina.util.LifecycleBase.stop(LifecycleBase.java:257)
		at org.apache.catalina.core.ContainerBase$StopChild.call(ContainerBase.java:1443)
		at org.apache.catalina.core.ContainerBase$StopChild.call(ContainerBase.java:1432)
		at java.base/java.util.concurrent.FutureTask.run(FutureTask.java:264)
		at java.base/java.util.concurrent.ThreadPoolExecutor.runWorker(ThreadPoolExecutor.java:1128)
		at java.base/java.util.concurrent.ThreadPoolExecutor$Worker.run(ThreadPoolExecutor.java:628)
		at java.base/java.lang.Thread.run(Thread.java:829)
23-Mar-2022 11:56:41.450 INFO [localhost-startStop-1] org.apache.catalina.core.ApplicationContext.log 1 Spring WebApplicationInitializers detected on classpath
23-Mar-2022 11:57:13.665 INFO [localhost-startStop-1] org.apache.catalina.core.ApplicationContext.log Initializing Spring embedded WebApplicationContext
23-Mar-2022 12:50:32.720 INFO [localhost-startStop-6] org.apache.catalina.core.ApplicationContext.log Closing Spring root WebApplicationContext
23-Mar-2022 12:50:33.293 SEVERE [localhost-startStop-5] org.apache.catalina.core.StandardContext.listenerStop Exception sending context destroyed event to listener instance of class [org.artifactory.lifecycle.webapp.servlet.ArtifactoryContextConfigListener]
	java.lang.RuntimeException: Could not find bean of type 'org.artifactory.addon.LicenseAddonsManager'.
		at org.artifactory.spring.ArtifactoryApplicationContext.beanForType(ArtifactoryApplicationContext.java:577)
		at org.artifactory.spring.ArtifactoryApplicationContext.destroy(ArtifactoryApplicationContext.java:398)
		at org.artifactory.lifecycle.webapp.servlet.ArtifactoryContextConfigListener.contextDestroyed(ArtifactoryContextConfigListener.java:299)
		at org.apache.catalina.core.StandardContext.listenerStop(StandardContext.java:4811)
		at org.apache.catalina.core.StandardContext.stopInternal(StandardContext.java:5467)
		at org.apache.catalina.util.LifecycleBase.stop(LifecycleBase.java:257)
		at org.apache.catalina.core.ContainerBase$StopChild.call(ContainerBase.java:1443)
		at org.apache.catalina.core.ContainerBase$StopChild.call(ContainerBase.java:1432)
		at java.base/java.util.concurrent.FutureTask.run(FutureTask.java:264)
		at java.base/java.util.concurrent.ThreadPoolExecutor.runWorker(ThreadPoolExecutor.java:1128)
		at java.base/java.util.concurrent.ThreadPoolExecutor$Worker.run(ThreadPoolExecutor.java:628)
		at java.base/java.lang.Thread.run(Thread.java:829)
23-Mar-2022 12:58:06.015 INFO [localhost-startStop-1] org.apache.catalina.core.ApplicationContext.log 1 Spring WebApplicationInitializers detected on classpath
23-Mar-2022 12:58:50.340 INFO [localhost-startStop-1] org.apache.catalina.core.ApplicationContext.log Initializing Spring embedded WebApplicationContext
23-Mar-2022 13:13:54.310 INFO [localhost-startStop-1] org.apache.catalina.core.ApplicationContext.log 1 Spring WebApplicationInitializers detected on classpath
23-Mar-2022 13:14:18.614 INFO [localhost-startStop-1] org.apache.catalina.core.ApplicationContext.log Initializing Spring embedded WebApplicationContext
23-Mar-2022 19:10:21.881 INFO [localhost-startStop-6] org.apache.catalina.core.ApplicationContext.log Closing Spring root WebApplicationContext
23-Mar-2022 19:10:25.009 SEVERE [localhost-startStop-5] org.apache.catalina.core.StandardContext.listenerStop Exception sending context destroyed event to listener instance of class [org.artifactory.lifecycle.webapp.servlet.ArtifactoryContextConfigListener]
	java.lang.RuntimeException: Could not find bean of type 'org.artifactory.addon.LicenseAddonsManager'.
		at org.artifactory.spring.ArtifactoryApplicationContext.beanForType(ArtifactoryApplicationContext.java:577)
		at org.artifactory.spring.ArtifactoryApplicationContext.destroy(ArtifactoryApplicationContext.java:398)
		at org.artifactory.lifecycle.webapp.servlet.ArtifactoryContextConfigListener.contextDestroyed(ArtifactoryContextConfigListener.java:299)
		at org.apache.catalina.core.StandardContext.listenerStop(StandardContext.java:4811)
		at org.apache.catalina.core.StandardContext.stopInternal(StandardContext.java:5467)
		at org.apache.catalina.util.LifecycleBase.stop(LifecycleBase.java:257)
		at org.apache.catalina.core.ContainerBase$StopChild.call(ContainerBase.java:1443)
		at org.apache.catalina.core.ContainerBase$StopChild.call(ContainerBase.java:1432)
		at java.base/java.util.concurrent.FutureTask.run(FutureTask.java:264)
		at java.base/java.util.concurrent.ThreadPoolExecutor.runWorker(ThreadPoolExecutor.java:1128)
		at java.base/java.util.concurrent.ThreadPoolExecutor$Worker.run(ThreadPoolExecutor.java:628)
		at java.base/java.lang.Thread.run(Thread.java:829)
