13-May-2022 13:57:25.210 INFO [Catalina-utility-3] org.apache.catalina.core.ApplicationContext.log Closing Spring root WebApplicationContext
13-May-2022 13:57:25.334 SEVERE [Catalina-utility-2] org.apache.catalina.core.StandardContext.listenerStop Exception sending context destroyed event to listener instance of class [org.artifactory.lifecycle.webapp.servlet.ArtifactoryContextConfigListener]
	java.lang.RuntimeException: Could not find bean of type 'org.artifactory.addon.LicenseAddonsManager'.
		at org.artifactory.spring.ArtifactoryApplicationContext.beanForType(ArtifactoryApplicationContext.java:595)
		at org.artifactory.spring.ArtifactoryApplicationContext.destroy(ArtifactoryApplicationContext.java:416)
		at org.artifactory.lifecycle.webapp.servlet.ArtifactoryContextConfigListener.contextDestroyed(ArtifactoryContextConfigListener.java:294)
		at org.apache.catalina.core.StandardContext.listenerStop(StandardContext.java:4816)
		at org.apache.catalina.core.StandardContext.stopInternal(StandardContext.java:5477)
		at org.apache.catalina.util.LifecycleBase.stop(LifecycleBase.java:257)
		at org.apache.catalina.core.ContainerBase$StopChild.call(ContainerBase.java:1412)
		at org.apache.catalina.core.ContainerBase$StopChild.call(ContainerBase.java:1401)
		at java.base/java.util.concurrent.FutureTask.run(FutureTask.java:264)
		at java.base/java.util.concurrent.ScheduledThreadPoolExecutor$ScheduledFutureTask.run(ScheduledThreadPoolExecutor.java:304)
		at java.base/java.util.concurrent.ThreadPoolExecutor.runWorker(ThreadPoolExecutor.java:1128)
		at java.base/java.util.concurrent.ThreadPoolExecutor$Worker.run(ThreadPoolExecutor.java:628)
		at org.apache.tomcat.util.threads.TaskThread$WrappingRunnable.run(TaskThread.java:61)
		at java.base/java.lang.Thread.run(Thread.java:829)
13-May-2022 13:57:52.801 INFO [Catalina-utility-2] org.apache.catalina.core.ApplicationContext.log 1 Spring WebApplicationInitializers detected on classpath
13-May-2022 13:58:03.532 INFO [Catalina-utility-2] org.apache.catalina.core.ApplicationContext.log Initializing Spring embedded WebApplicationContext
13-May-2022 13:59:51.840 INFO [Catalina-utility-2] org.apache.catalina.core.ApplicationContext.log Closing Spring root WebApplicationContext
13-May-2022 13:59:51.942 SEVERE [Catalina-utility-3] org.apache.catalina.core.StandardContext.listenerStop Exception sending context destroyed event to listener instance of class [org.artifactory.lifecycle.webapp.servlet.ArtifactoryContextConfigListener]
	java.lang.RuntimeException: Could not find bean of type 'org.artifactory.addon.LicenseAddonsManager'.
		at org.artifactory.spring.ArtifactoryApplicationContext.beanForType(ArtifactoryApplicationContext.java:595)
		at org.artifactory.spring.ArtifactoryApplicationContext.destroy(ArtifactoryApplicationContext.java:416)
		at org.artifactory.lifecycle.webapp.servlet.ArtifactoryContextConfigListener.contextDestroyed(ArtifactoryContextConfigListener.java:294)
		at org.apache.catalina.core.StandardContext.listenerStop(StandardContext.java:4816)
		at org.apache.catalina.core.StandardContext.stopInternal(StandardContext.java:5477)
		at org.apache.catalina.util.LifecycleBase.stop(LifecycleBase.java:257)
		at org.apache.catalina.core.ContainerBase$StopChild.call(ContainerBase.java:1412)
		at org.apache.catalina.core.ContainerBase$StopChild.call(ContainerBase.java:1401)
		at java.base/java.util.concurrent.FutureTask.run(FutureTask.java:264)
		at java.base/java.util.concurrent.ScheduledThreadPoolExecutor$ScheduledFutureTask.run(ScheduledThreadPoolExecutor.java:304)
		at java.base/java.util.concurrent.ThreadPoolExecutor.runWorker(ThreadPoolExecutor.java:1128)
		at java.base/java.util.concurrent.ThreadPoolExecutor$Worker.run(ThreadPoolExecutor.java:628)
		at org.apache.tomcat.util.threads.TaskThread$WrappingRunnable.run(TaskThread.java:61)
		at java.base/java.lang.Thread.run(Thread.java:829)
13-May-2022 14:00:23.006 INFO [Catalina-utility-2] org.apache.catalina.core.ApplicationContext.log 1 Spring WebApplicationInitializers detected on classpath
13-May-2022 14:00:33.703 INFO [Catalina-utility-2] org.apache.catalina.core.ApplicationContext.log Initializing Spring embedded WebApplicationContext
