21-Mar-2022 09:48:26.040 INFO [localhost-startStop-1] org.apache.catalina.core.ApplicationContext.log 1 Spring WebApplicationInitializers detected on classpath
21-Mar-2022 09:48:51.626 INFO [localhost-startStop-1] org.apache.catalina.core.ApplicationContext.log Initializing Spring embedded WebApplicationContext
21-Mar-2022 10:04:25.782 INFO [localhost-startStop-6] org.apache.catalina.core.ApplicationContext.log Closing Spring root WebApplicationContext
21-Mar-2022 10:04:50.519 INFO [localhost-startStop-1] org.apache.catalina.core.ApplicationContext.log 1 Spring WebApplicationInitializers detected on classpath
21-Mar-2022 10:05:07.173 INFO [localhost-startStop-1] org.apache.catalina.core.ApplicationContext.log Initializing Spring embedded WebApplicationContext
21-Mar-2022 16:32:20.973 INFO [localhost-startStop-6] org.apache.catalina.core.ApplicationContext.log Closing Spring root WebApplicationContext
21-Mar-2022 16:32:25.102 SEVERE [localhost-startStop-5] org.apache.catalina.core.StandardContext.listenerStop Exception sending context destroyed event to listener instance of class [org.artifactory.lifecycle.webapp.servlet.ArtifactoryContextConfigListener]
	java.lang.RuntimeException: Could not find bean of type 'org.artifactory.addon.LicenseAddonsManager'.
		at org.artifactory.spring.ArtifactoryApplicationContext.beanForType(ArtifactoryApplicationContext.java:577)
		at org.artifactory.spring.ArtifactoryApplicationContext.destroy(ArtifactoryApplicationContext.java:398)
		at org.artifactory.lifecycle.webapp.servlet.ArtifactoryContextConfigListener.contextDestroyed(ArtifactoryContextConfigListener.java:299)
		at org.apache.catalina.core.StandardContext.listenerStop(StandardContext.java:4811)
		at org.apache.catalina.core.StandardContext.stopInternal(StandardContext.java:5467)
		at org.apache.catalina.util.LifecycleBase.stop(LifecycleBase.java:257)
		at org.apache.catalina.core.ContainerBase$StopChild.call(ContainerBase.java:1443)
		at org.apache.catalina.core.ContainerBase$StopChild.call(ContainerBase.java:1432)
		at java.base/java.util.concurrent.FutureTask.run(FutureTask.java:264)
		at java.base/java.util.concurrent.ThreadPoolExecutor.runWorker(ThreadPoolExecutor.java:1128)
		at java.base/java.util.concurrent.ThreadPoolExecutor$Worker.run(ThreadPoolExecutor.java:628)
		at java.base/java.lang.Thread.run(Thread.java:829)
21-Mar-2022 16:34:51.449 INFO [localhost-startStop-1] org.apache.catalina.core.ApplicationContext.log 1 Spring WebApplicationInitializers detected on classpath
21-Mar-2022 16:35:19.739 INFO [localhost-startStop-1] org.apache.catalina.core.ApplicationContext.log Initializing Spring embedded WebApplicationContext
21-Mar-2022 18:50:28.563 INFO [localhost-startStop-6] org.apache.catalina.core.ApplicationContext.log Closing Spring root WebApplicationContext
21-Mar-2022 18:50:31.040 SEVERE [localhost-startStop-5] org.apache.catalina.core.StandardContext.listenerStop Exception sending context destroyed event to listener instance of class [org.artifactory.lifecycle.webapp.servlet.ArtifactoryContextConfigListener]
	java.lang.RuntimeException: Could not find bean of type 'org.artifactory.addon.LicenseAddonsManager'.
		at org.artifactory.spring.ArtifactoryApplicationContext.beanForType(ArtifactoryApplicationContext.java:577)
		at org.artifactory.spring.ArtifactoryApplicationContext.destroy(ArtifactoryApplicationContext.java:398)
		at org.artifactory.lifecycle.webapp.servlet.ArtifactoryContextConfigListener.contextDestroyed(ArtifactoryContextConfigListener.java:299)
		at org.apache.catalina.core.StandardContext.listenerStop(StandardContext.java:4811)
		at org.apache.catalina.core.StandardContext.stopInternal(StandardContext.java:5467)
		at org.apache.catalina.util.LifecycleBase.stop(LifecycleBase.java:257)
		at org.apache.catalina.core.ContainerBase$StopChild.call(ContainerBase.java:1443)
		at org.apache.catalina.core.ContainerBase$StopChild.call(ContainerBase.java:1432)
		at java.base/java.util.concurrent.FutureTask.run(FutureTask.java:264)
		at java.base/java.util.concurrent.ThreadPoolExecutor.runWorker(ThreadPoolExecutor.java:1128)
		at java.base/java.util.concurrent.ThreadPoolExecutor$Worker.run(ThreadPoolExecutor.java:628)
		at java.base/java.lang.Thread.run(Thread.java:829)
21-Mar-2022 18:54:15.719 INFO [localhost-startStop-1] org.apache.catalina.core.ApplicationContext.log 1 Spring WebApplicationInitializers detected on classpath
21-Mar-2022 18:55:08.570 INFO [localhost-startStop-1] org.apache.catalina.core.ApplicationContext.log Initializing Spring embedded WebApplicationContext
