30-Mar-2022 06:52:03.328 INFO [localhost-startStop-1] org.apache.catalina.core.ApplicationContext.log 1 Spring WebApplicationInitializers detected on classpath
30-Mar-2022 06:52:33.385 INFO [localhost-startStop-1] org.apache.catalina.core.ApplicationContext.log Initializing Spring embedded WebApplicationContext
30-Mar-2022 10:06:47.768 INFO [localhost-startStop-6] org.apache.catalina.core.ApplicationContext.log Closing Spring root WebApplicationContext
30-Mar-2022 10:06:50.556 SEVERE [localhost-startStop-5] org.apache.catalina.core.StandardContext.listenerStop Exception sending context destroyed event to listener instance of class [org.artifactory.lifecycle.webapp.servlet.ArtifactoryContextConfigListener]
	java.lang.RuntimeException: Could not find bean of type 'org.artifactory.addon.LicenseAddonsManager'.
		at org.artifactory.spring.ArtifactoryApplicationContext.beanForType(ArtifactoryApplicationContext.java:577)
		at org.artifactory.spring.ArtifactoryApplicationContext.destroy(ArtifactoryApplicationContext.java:398)
		at org.artifactory.lifecycle.webapp.servlet.ArtifactoryContextConfigListener.contextDestroyed(ArtifactoryContextConfigListener.java:299)
		at org.apache.catalina.core.StandardContext.listenerStop(StandardContext.java:4811)
		at org.apache.catalina.core.StandardContext.stopInternal(StandardContext.java:5467)
		at org.apache.catalina.util.LifecycleBase.stop(LifecycleBase.java:257)
		at org.apache.catalina.core.ContainerBase$StopChild.call(ContainerBase.java:1443)
		at org.apache.catalina.core.ContainerBase$StopChild.call(ContainerBase.java:1432)
		at java.base/java.util.concurrent.FutureTask.run(FutureTask.java:264)
		at java.base/java.util.concurrent.ThreadPoolExecutor.runWorker(ThreadPoolExecutor.java:1128)
		at java.base/java.util.concurrent.ThreadPoolExecutor$Worker.run(ThreadPoolExecutor.java:628)
		at java.base/java.lang.Thread.run(Thread.java:829)
30-Mar-2022 10:08:29.149 INFO [localhost-startStop-1] org.apache.catalina.core.ApplicationContext.log 1 Spring WebApplicationInitializers detected on classpath
30-Mar-2022 10:08:56.597 INFO [localhost-startStop-1] org.apache.catalina.core.ApplicationContext.log Initializing Spring embedded WebApplicationContext
30-Mar-2022 10:34:31.479 INFO [localhost-startStop-6] org.apache.catalina.core.ApplicationContext.log Closing Spring root WebApplicationContext
30-Mar-2022 10:34:31.840 SEVERE [localhost-startStop-5] org.apache.catalina.core.StandardContext.listenerStop Exception sending context destroyed event to listener instance of class [org.artifactory.lifecycle.webapp.servlet.ArtifactoryContextConfigListener]
	java.lang.RuntimeException: Could not find bean of type 'org.artifactory.addon.LicenseAddonsManager'.
		at org.artifactory.spring.ArtifactoryApplicationContext.beanForType(ArtifactoryApplicationContext.java:577)
		at org.artifactory.spring.ArtifactoryApplicationContext.destroy(ArtifactoryApplicationContext.java:398)
		at org.artifactory.lifecycle.webapp.servlet.ArtifactoryContextConfigListener.contextDestroyed(ArtifactoryContextConfigListener.java:299)
		at org.apache.catalina.core.StandardContext.listenerStop(StandardContext.java:4811)
		at org.apache.catalina.core.StandardContext.stopInternal(StandardContext.java:5467)
		at org.apache.catalina.util.LifecycleBase.stop(LifecycleBase.java:257)
		at org.apache.catalina.core.ContainerBase$StopChild.call(ContainerBase.java:1443)
		at org.apache.catalina.core.ContainerBase$StopChild.call(ContainerBase.java:1432)
		at java.base/java.util.concurrent.FutureTask.run(FutureTask.java:264)
		at java.base/java.util.concurrent.ThreadPoolExecutor.runWorker(ThreadPoolExecutor.java:1128)
		at java.base/java.util.concurrent.ThreadPoolExecutor$Worker.run(ThreadPoolExecutor.java:628)
		at java.base/java.lang.Thread.run(Thread.java:829)
30-Mar-2022 10:43:28.265 INFO [localhost-startStop-1] org.apache.catalina.core.ApplicationContext.log 1 Spring WebApplicationInitializers detected on classpath
30-Mar-2022 10:43:45.201 INFO [localhost-startStop-1] org.apache.catalina.core.ApplicationContext.log Initializing Spring embedded WebApplicationContext
30-Mar-2022 13:07:09.957 INFO [localhost-startStop-6] org.apache.catalina.core.ApplicationContext.log Closing Spring root WebApplicationContext
30-Mar-2022 13:07:12.374 SEVERE [localhost-startStop-5] org.apache.catalina.core.StandardContext.listenerStop Exception sending context destroyed event to listener instance of class [org.artifactory.lifecycle.webapp.servlet.ArtifactoryContextConfigListener]
	java.lang.RuntimeException: Could not find bean of type 'org.artifactory.addon.LicenseAddonsManager'.
		at org.artifactory.spring.ArtifactoryApplicationContext.beanForType(ArtifactoryApplicationContext.java:577)
		at org.artifactory.spring.ArtifactoryApplicationContext.destroy(ArtifactoryApplicationContext.java:398)
		at org.artifactory.lifecycle.webapp.servlet.ArtifactoryContextConfigListener.contextDestroyed(ArtifactoryContextConfigListener.java:299)
		at org.apache.catalina.core.StandardContext.listenerStop(StandardContext.java:4811)
		at org.apache.catalina.core.StandardContext.stopInternal(StandardContext.java:5467)
		at org.apache.catalina.util.LifecycleBase.stop(LifecycleBase.java:257)
		at org.apache.catalina.core.ContainerBase$StopChild.call(ContainerBase.java:1443)
		at org.apache.catalina.core.ContainerBase$StopChild.call(ContainerBase.java:1432)
		at java.base/java.util.concurrent.FutureTask.run(FutureTask.java:264)
		at java.base/java.util.concurrent.ThreadPoolExecutor.runWorker(ThreadPoolExecutor.java:1128)
		at java.base/java.util.concurrent.ThreadPoolExecutor$Worker.run(ThreadPoolExecutor.java:628)
		at java.base/java.lang.Thread.run(Thread.java:829)
