Started at Sun Feb 20 04:14:32 UTC 2022
Processing CodePull
Offering CodePull to Project Build Discarder
Processing Job1
Offering Job1 to Project Build Discarder
Finished at Sun Feb 20 04:14:32 UTC 2022. 0ms
Started at Sun Feb 20 05:14:32 UTC 2022
Processing CodePull
Offering CodePull to Project Build Discarder
Processing Job1
Offering Job1 to Project Build Discarder
Finished at Sun Feb 20 05:14:32 UTC 2022. 0ms
Started at Sun Feb 20 06:14:32 UTC 2022
Processing CodePull
Offering CodePull to Project Build Discarder
Processing Job1
Offering Job1 to Project Build Discarder
Finished at Sun Feb 20 06:14:32 UTC 2022. 0ms
Started at Sun Feb 20 07:14:32 UTC 2022
Processing CodePull
Offering CodePull to Project Build Discarder
Processing Job1
Offering Job1 to Project Build Discarder
Finished at Sun Feb 20 07:14:32 UTC 2022. 1ms
Started at Sun Feb 20 08:14:32 UTC 2022
Processing CodePull
Offering CodePull to Project Build Discarder
Processing Job1
Offering Job1 to Project Build Discarder
Finished at Sun Feb 20 08:14:32 UTC 2022. 0ms
Started at Sun Feb 20 09:46:08 UTC 2022
Processing CodePull
Offering CodePull to Project Build Discarder
Processing Job1
Offering Job1 to Project Build Discarder
Finished at Sun Feb 20 09:46:08 UTC 2022. 1ms
Started at Sun Feb 20 10:46:08 UTC 2022
Processing CodePull
Offering CodePull to Project Build Discarder
Processing Job1
Offering Job1 to Project Build Discarder
Finished at Sun Feb 20 10:46:08 UTC 2022. 1ms
Started at Sun Feb 20 11:46:08 UTC 2022
Processing CodePull
Offering CodePull to Project Build Discarder
Processing Job1
Offering Job1 to Project Build Discarder
Finished at Sun Feb 20 11:46:08 UTC 2022. 0ms
Started at Sun Feb 20 12:46:08 UTC 2022
Processing CodePull
Offering CodePull to Project Build Discarder
Processing Job1
Offering Job1 to Project Build Discarder
Finished at Sun Feb 20 12:46:08 UTC 2022. 1ms
Started at Sun Feb 20 13:46:08 UTC 2022
Processing CodePull
Offering CodePull to Project Build Discarder
Processing Job1
Offering Job1 to Project Build Discarder
Finished at Sun Feb 20 13:46:08 UTC 2022. 0ms
Started at Sun Feb 20 14:46:08 UTC 2022
Processing CodePull
Offering CodePull to Project Build Discarder
Processing Job1
Offering Job1 to Project Build Discarder
Finished at Sun Feb 20 14:46:08 UTC 2022. 1ms
Started at Sun Feb 20 21:32:09 UTC 2022
Processing CodePull
Offering CodePull to Project Build Discarder
Processing Job1
Offering Job1 to Project Build Discarder
Finished at Sun Feb 20 21:32:09 UTC 2022. 0ms
Started at Sun Feb 20 22:32:09 UTC 2022
Processing CodePull
Offering CodePull to Project Build Discarder
Processing Job1
Offering Job1 to Project Build Discarder
Finished at Sun Feb 20 22:32:09 UTC 2022. 1ms
Started at Sun Feb 20 23:32:09 UTC 2022
Processing CodePull
Offering CodePull to Project Build Discarder
Processing Job1
Offering Job1 to Project Build Discarder
Finished at Sun Feb 20 23:32:09 UTC 2022. 0ms
